Copyright 1986-2015 Xilinx, Inc. All Rights Reserved.
---------------------------------------------------------------------------------------------------
| Tool Version : Vivado v.2015.2 (lin64) Build 1266856 Fri Jun 26 16:35:25 MDT 2015
| Date         : Wed Jan 29 19:01:02 2020
| Host         : zach-333-em3-29.engr.tamu.edu running 64-bit CentOS Linux release 7.7.1908 (Core)
| Command      : report_drc
---------------------------------------------------------------------------------------------------

Report DRC

Table of Contents
-----------------
1. REPORT SUMMARY
2. REPORT DETAILS

1. REPORT SUMMARY
-----------------
            Netlist: netlist
          Floorplan: design_1
      Design limits: <entire design considered>
           Ruledeck: default
             Max violations: <unlimited>
             Violations found: 2

2. REPORT DETAILS
-----------------
PDRC-153#1 Warning
Gated clock check  
Net win1/nextState_reg[3]_i_2_n_0 is a gated clock net sourced by a combinational pin win1/nextState_reg[3]_i_2/O, cell win1/nextState_reg[3]_i_2. This is not good design practice and will likely impact performance. For SLICE registers, for example, use the CE pin to control the loading of data.
Related violations: <none>

ZPS7-1#1 Warning
PS7 block required  
The PS7 cell must be used in this Zynq design in order to enable correct default configuration.
Related violations: <none>


