Copyright 1986-2015 Xilinx, Inc. All Rights Reserved.
---------------------------------------------------------------------------------------------------
| Tool Version : Vivado v.2015.2 (lin64) Build 1266856 Fri Jun 26 16:35:25 MDT 2015
| Date         : Wed Jan 29 19:00:54 2020
| Host         : zach-333-em3-29.engr.tamu.edu running 64-bit CentOS Linux release 7.7.1908 (Core)
| Command      : report_control_sets -verbose -file top_level_jackpot_control_sets_placed.rpt
| Design       : top_level_jackpot
| Device       : xc7z010
---------------------------------------------------------------------------------------------------

Control Set Information

Table of Contents
-----------------
1. Summary
2. Flip-Flop Distribution
3. Detailed Control Set Information

1. Summary
----------

+-------------------------------------------------------------------+-------+
|                               Status                              | Count |
+-------------------------------------------------------------------+-------+
| Number of unique control sets                                     |     3 |
| Minimum Number of register sites lost to control set restrictions |    14 |
+-------------------------------------------------------------------+-------+


2. Flip-Flop Distribution
-------------------------

+--------------+-----------------------+------------------------+-----------------+--------------+
| Clock Enable | Synchronous Set/Reset | Asynchronous Set/Reset | Total Registers | Total Slices |
+--------------+-----------------------+------------------------+-----------------+--------------+
| No           | No                    | No                     |              30 |            9 |
| No           | No                    | Yes                    |               4 |            1 |
| No           | Yes                   | No                     |               0 |            0 |
| Yes          | No                    | No                     |               0 |            0 |
| Yes          | No                    | Yes                    |               0 |            0 |
| Yes          | Yes                   | No                     |               0 |            0 |
+--------------+-----------------------+------------------------+-----------------+--------------+


3. Detailed Control Set Information
-----------------------------------

+--------------------------------+---------------+------------------+------------------+----------------+
|          Clock Signal          | Enable Signal | Set/Reset Signal | Slice Load Count | Bel Load Count |
+--------------------------------+---------------+------------------+------------------+----------------+
|  slow/CLK                      |               | Button_IBUF      |                1 |              4 |
|  win1/nextState_reg[3]_i_2_n_0 |               |                  |                1 |              4 |
|  Clock_IBUF_BUFG               |               |                  |                8 |             26 |
+--------------------------------+---------------+------------------+------------------+----------------+


